mode: set
github.com/howlcipher/ai_knowledge_library/cmd/installer/i18n.go:246.33,247.40 1 0
github.com/howlcipher/ai_knowledge_library/cmd/installer/i18n.go:247.40,248.39 1 0
github.com/howlcipher/ai_knowledge_library/cmd/installer/i18n.go:248.39,250.4 1 0
github.com/howlcipher/ai_knowledge_library/cmd/installer/i18n.go:253.2,253.35 1 0
github.com/howlcipher/ai_knowledge_library/cmd/installer/main.go:32.32,34.16 2 1
github.com/howlcipher/ai_knowledge_library/cmd/installer/main.go:34.16,36.3 1 0
github.com/howlcipher/ai_knowledge_library/cmd/installer/main.go:37.2,41.3 1 1
github.com/howlcipher/ai_knowledge_library/cmd/installer/main.go:44.78,50.2 5 0
github.com/howlcipher/ai_knowledge_library/cmd/installer/main.go:53.39,56.2 2 1
github.com/howlcipher/ai_knowledge_library/cmd/installer/main.go:59.39,74.35 2 0
github.com/howlcipher/ai_knowledge_library/cmd/installer/main.go:74.35,76.3 1 0
github.com/howlcipher/ai_knowledge_library/cmd/installer/main.go:78.2,81.17 2 0
github.com/howlcipher/ai_knowledge_library/cmd/installer/main.go:81.17,83.4 1 0
github.com/howlcipher/ai_knowledge_library/cmd/installer/main.go:87.2,87.78 1 0
github.com/howlcipher/ai_knowledge_library/cmd/installer/main.go:87.78,90.3 2 0
github.com/howlcipher/ai_knowledge_library/cmd/installer/main.go:92.2,92.45 1 0
github.com/howlcipher/ai_knowledge_library/cmd/installer/main.go:92.45,94.3 1 0
github.com/howlcipher/ai_knowledge_library/cmd/installer/main.go:95.2,95.12 1 0
github.com/howlcipher/ai_knowledge_library/cmd/installer/main.go:99.32,102.16 3 0
github.com/howlcipher/ai_knowledge_library/cmd/installer/main.go:102.16,104.3 1 0
github.com/howlcipher/ai_knowledge_library/cmd/installer/main.go:106.2,107.21 2 0
github.com/howlcipher/ai_knowledge_library/cmd/installer/main.go:107.21,109.3 1 0
github.com/howlcipher/ai_knowledge_library/cmd/installer/main.go:111.2,123.35 2 0
github.com/howlcipher/ai_knowledge_library/cmd/installer/main.go:123.35,126.3 2 0
github.com/howlcipher/ai_knowledge_library/cmd/installer/main.go:128.2,128.32 1 0
github.com/howlcipher/ai_knowledge_library/cmd/installer/main.go:128.32,130.26 2 0
github.com/howlcipher/ai_knowledge_library/cmd/installer/main.go:130.26,132.4 1 0
github.com/howlcipher/ai_knowledge_library/cmd/installer/main.go:132.9,134.4 1 0
github.com/howlcipher/ai_knowledge_library/cmd/installer/main.go:137.2,141.17 3 0
github.com/howlcipher/ai_knowledge_library/cmd/installer/main.go:141.17,143.4 1 0
github.com/howlcipher/ai_knowledge_library/cmd/installer/main.go:145.2,145.20 1 0
github.com/howlcipher/ai_knowledge_library/cmd/installer/main.go:145.20,147.3 1 0
github.com/howlcipher/ai_knowledge_library/cmd/installer/main.go:147.8,149.3 1 0
github.com/howlcipher/ai_knowledge_library/cmd/installer/main.go:153.33,164.47 3 0
github.com/howlcipher/ai_knowledge_library/cmd/installer/main.go:164.47,167.3 2 0
github.com/howlcipher/ai_knowledge_library/cmd/installer/main.go:169.2,180.32 9 0
github.com/howlcipher/ai_knowledge_library/cmd/installer/main.go:180.32,181.20 1 0
github.com/howlcipher/ai_knowledge_library/cmd/installer/main.go:181.20,185.4 3 0
github.com/howlcipher/ai_knowledge_library/cmd/installer/main.go:188.2,189.32 2 0
github.com/howlcipher/ai_knowledge_library/cmd/installer/main.go:189.32,190.21 1 0
github.com/howlcipher/ai_knowledge_library/cmd/installer/main.go:190.21,194.4 3 0
github.com/howlcipher/ai_knowledge_library/cmd/installer/main.go:197.2,197.120 1 0
github.com/howlcipher/ai_knowledge_library/cmd/installer/main.go:201.38,224.2 4 0
github.com/howlcipher/ai_knowledge_library/cmd/installer/main.go:227.40,244.35 4 0
github.com/howlcipher/ai_knowledge_library/cmd/installer/main.go:244.35,247.3 2 0
github.com/howlcipher/ai_knowledge_library/cmd/installer/main.go:249.2,249.16 1 0
github.com/howlcipher/ai_knowledge_library/cmd/installer/main.go:249.16,251.3 1 0
github.com/howlcipher/ai_knowledge_library/cmd/installer/main.go:253.2,263.51 2 0
github.com/howlcipher/ai_knowledge_library/cmd/installer/main.go:263.51,265.18 2 0
github.com/howlcipher/ai_knowledge_library/cmd/installer/main.go:265.18,267.4 1 0
github.com/howlcipher/ai_knowledge_library/cmd/installer/main.go:268.3,268.21 1 0
github.com/howlcipher/ai_knowledge_library/cmd/installer/main.go:268.21,270.4 1 0
github.com/howlcipher/ai_knowledge_library/cmd/installer/main.go:271.3,271.19 1 0
github.com/howlcipher/ai_knowledge_library/cmd/installer/main.go:271.19,273.4 1 0
github.com/howlcipher/ai_knowledge_library/cmd/installer/main.go:276.2,277.19 2 0
github.com/howlcipher/ai_knowledge_library/cmd/installer/main.go:277.19,279.3 1 0
github.com/howlcipher/ai_knowledge_library/cmd/installer/main.go:279.8,281.3 1 0
github.com/howlcipher/ai_knowledge_library/cmd/installer/main.go:283.2,286.16 3 0
github.com/howlcipher/ai_knowledge_library/cmd/installer/main.go:286.16,289.3 2 0
github.com/howlcipher/ai_knowledge_library/cmd/installer/main.go:291.2,292.70 2 0
github.com/howlcipher/ai_knowledge_library/cmd/installer/main.go:296.32,313.35 3 0
github.com/howlcipher/ai_knowledge_library/cmd/installer/main.go:313.35,315.3 1 0
github.com/howlcipher/ai_knowledge_library/cmd/installer/main.go:317.2,318.18 2 0
github.com/howlcipher/ai_knowledge_library/cmd/installer/main.go:319.14,322.94 3 0
github.com/howlcipher/ai_knowledge_library/cmd/installer/main.go:323.13,326.86 3 0
github.com/howlcipher/ai_knowledge_library/cmd/installer/main.go:327.12,330.78 3 0
github.com/howlcipher/ai_knowledge_library/cmd/installer/main.go:332.2,332.57 1 0
github.com/howlcipher/ai_knowledge_library/cmd/installer/main.go:336.31,358.35 5 0
github.com/howlcipher/ai_knowledge_library/cmd/installer/main.go:358.35,361.3 2 0
github.com/howlcipher/ai_knowledge_library/cmd/installer/main.go:363.2,367.19 4 0
github.com/howlcipher/ai_knowledge_library/cmd/installer/main.go:367.19,370.17 3 0
github.com/howlcipher/ai_knowledge_library/cmd/installer/main.go:370.17,372.4 1 0
github.com/howlcipher/ai_knowledge_library/cmd/installer/main.go:373.3,373.17 1 0
github.com/howlcipher/ai_knowledge_library/cmd/installer/main.go:373.17,375.4 1 0
github.com/howlcipher/ai_knowledge_library/cmd/installer/main.go:375.9,377.4 1 0
github.com/howlcipher/ai_knowledge_library/cmd/installer/main.go:380.2,380.17 1 0
github.com/howlcipher/ai_knowledge_library/cmd/installer/main.go:380.17,383.17 3 0
github.com/howlcipher/ai_knowledge_library/cmd/installer/main.go:383.17,385.4 1 0
github.com/howlcipher/ai_knowledge_library/cmd/installer/main.go:386.3,386.17 1 0
github.com/howlcipher/ai_knowledge_library/cmd/installer/main.go:386.17,388.4 1 0
github.com/howlcipher/ai_knowledge_library/cmd/installer/main.go:391.2,391.18 1 0
github.com/howlcipher/ai_knowledge_library/cmd/installer/main.go:391.18,394.32 3 0
github.com/howlcipher/ai_knowledge_library/cmd/installer/main.go:394.32,396.4 1 0
github.com/howlcipher/ai_knowledge_library/cmd/installer/main.go:396.9,398.4 1 0
github.com/howlcipher/ai_knowledge_library/cmd/installer/main.go:399.3,399.17 1 0
github.com/howlcipher/ai_knowledge_library/cmd/installer/main.go:399.17,401.4 1 0
github.com/howlcipher/ai_knowledge_library/cmd/installer/main.go:401.9,403.4 1 0
github.com/howlcipher/ai_knowledge_library/cmd/installer/main.go:406.2,409.27 3 0
github.com/howlcipher/ai_knowledge_library/cmd/installer/main.go:409.27,412.3 2 0
github.com/howlcipher/ai_knowledge_library/cmd/installer/main.go:415.44,439.36 5 0
github.com/howlcipher/ai_knowledge_library/cmd/installer/main.go:439.36,442.3 2 0
github.com/howlcipher/ai_knowledge_library/cmd/installer/main.go:444.2,444.16 1 0
github.com/howlcipher/ai_knowledge_library/cmd/installer/main.go:445.17,446.22 1 0
github.com/howlcipher/ai_knowledge_library/cmd/installer/main.go:447.19,448.31 1 0
github.com/howlcipher/ai_knowledge_library/cmd/installer/main.go:449.14,450.23 1 0
github.com/howlcipher/ai_knowledge_library/cmd/installer/main.go:451.19,452.24 1 0
github.com/howlcipher/ai_knowledge_library/cmd/installer/main.go:453.14,455.29 2 0
github.com/howlcipher/ai_knowledge_library/cmd/installer/main.go:459.13,465.48 2 0
github.com/howlcipher/ai_knowledge_library/cmd/installer/main.go:465.48,466.31 1 0
github.com/howlcipher/ai_knowledge_library/cmd/installer/main.go:466.31,467.49 1 0
github.com/howlcipher/ai_knowledge_library/cmd/installer/main.go:467.49,470.6 2 0
github.com/howlcipher/ai_knowledge_library/cmd/installer/main.go:472.4,472.30 1 0
github.com/howlcipher/ai_knowledge_library/cmd/installer/main.go:476.2,479.48 1 0
github.com/howlcipher/ai_knowledge_library/cmd/installer/main.go:479.48,481.4 1 0
github.com/howlcipher/ai_knowledge_library/cmd/installer/main.go:484.2,487.48 1 0
github.com/howlcipher/ai_knowledge_library/cmd/installer/main.go:487.48,489.4 1 0
github.com/howlcipher/ai_knowledge_library/cmd/installer/main.go:492.2,495.48 1 0
github.com/howlcipher/ai_knowledge_library/cmd/installer/main.go:495.48,497.4 1 0
github.com/howlcipher/ai_knowledge_library/cmd/installer/main.go:500.2,503.48 1 0
github.com/howlcipher/ai_knowledge_library/cmd/installer/main.go:503.48,505.4 1 0
github.com/howlcipher/ai_knowledge_library/cmd/installer/main.go:508.2,510.42 2 0
github.com/howlcipher/ai_knowledge_library/cmd/installer/main.go:510.42,513.3 2 0
