mode: set
github.com/howlcipher/ai_knowledge_library/cmd/installer/i18n.go:246.33,247.40 1 0
github.com/howlcipher/ai_knowledge_library/cmd/installer/i18n.go:247.40,248.39 1 0
github.com/howlcipher/ai_knowledge_library/cmd/installer/i18n.go:248.39,250.4 1 0
github.com/howlcipher/ai_knowledge_library/cmd/installer/i18n.go:253.2,253.35 1 0
github.com/howlcipher/ai_knowledge_library/cmd/installer/main.go:31.32,33.16 2 1
github.com/howlcipher/ai_knowledge_library/cmd/installer/main.go:33.16,35.3 1 0
github.com/howlcipher/ai_knowledge_library/cmd/installer/main.go:36.2,40.3 1 1
github.com/howlcipher/ai_knowledge_library/cmd/installer/main.go:43.78,49.2 5 0
github.com/howlcipher/ai_knowledge_library/cmd/installer/main.go:52.39,55.2 2 1
github.com/howlcipher/ai_knowledge_library/cmd/installer/main.go:58.39,73.35 2 0
github.com/howlcipher/ai_knowledge_library/cmd/installer/main.go:73.35,75.3 1 0
github.com/howlcipher/ai_knowledge_library/cmd/installer/main.go:77.2,79.17 1 0
github.com/howlcipher/ai_knowledge_library/cmd/installer/main.go:79.17,81.4 1 0
github.com/howlcipher/ai_knowledge_library/cmd/installer/main.go:83.2,83.16 1 0
github.com/howlcipher/ai_knowledge_library/cmd/installer/main.go:83.16,85.3 1 0
github.com/howlcipher/ai_knowledge_library/cmd/installer/main.go:87.2,87.45 1 0
github.com/howlcipher/ai_knowledge_library/cmd/installer/main.go:87.45,89.3 1 0
github.com/howlcipher/ai_knowledge_library/cmd/installer/main.go:90.2,90.12 1 0
github.com/howlcipher/ai_knowledge_library/cmd/installer/main.go:94.32,97.16 3 0
github.com/howlcipher/ai_knowledge_library/cmd/installer/main.go:97.16,99.3 1 0
github.com/howlcipher/ai_knowledge_library/cmd/installer/main.go:101.2,102.21 2 0
github.com/howlcipher/ai_knowledge_library/cmd/installer/main.go:102.21,104.3 1 0
github.com/howlcipher/ai_knowledge_library/cmd/installer/main.go:106.2,118.35 2 0
github.com/howlcipher/ai_knowledge_library/cmd/installer/main.go:118.35,121.3 2 0
github.com/howlcipher/ai_knowledge_library/cmd/installer/main.go:123.2,123.32 1 0
github.com/howlcipher/ai_knowledge_library/cmd/installer/main.go:123.32,125.26 2 0
github.com/howlcipher/ai_knowledge_library/cmd/installer/main.go:125.26,127.4 1 0
github.com/howlcipher/ai_knowledge_library/cmd/installer/main.go:127.9,129.4 1 0
github.com/howlcipher/ai_knowledge_library/cmd/installer/main.go:132.2,135.17 2 0
github.com/howlcipher/ai_knowledge_library/cmd/installer/main.go:135.17,137.4 1 0
github.com/howlcipher/ai_knowledge_library/cmd/installer/main.go:139.2,139.20 1 0
github.com/howlcipher/ai_knowledge_library/cmd/installer/main.go:139.20,141.3 1 0
github.com/howlcipher/ai_knowledge_library/cmd/installer/main.go:141.8,143.3 1 0
github.com/howlcipher/ai_knowledge_library/cmd/installer/main.go:147.33,158.47 3 0
github.com/howlcipher/ai_knowledge_library/cmd/installer/main.go:158.47,161.3 2 0
github.com/howlcipher/ai_knowledge_library/cmd/installer/main.go:163.2,174.32 9 0
github.com/howlcipher/ai_knowledge_library/cmd/installer/main.go:174.32,175.20 1 0
github.com/howlcipher/ai_knowledge_library/cmd/installer/main.go:175.20,179.4 3 0
github.com/howlcipher/ai_knowledge_library/cmd/installer/main.go:182.2,183.32 2 0
github.com/howlcipher/ai_knowledge_library/cmd/installer/main.go:183.32,184.21 1 0
github.com/howlcipher/ai_knowledge_library/cmd/installer/main.go:184.21,188.4 3 0
github.com/howlcipher/ai_knowledge_library/cmd/installer/main.go:191.2,191.120 1 0
github.com/howlcipher/ai_knowledge_library/cmd/installer/main.go:195.38,218.2 4 0
github.com/howlcipher/ai_knowledge_library/cmd/installer/main.go:221.40,238.35 4 0
github.com/howlcipher/ai_knowledge_library/cmd/installer/main.go:238.35,241.3 2 0
github.com/howlcipher/ai_knowledge_library/cmd/installer/main.go:243.2,243.16 1 0
github.com/howlcipher/ai_knowledge_library/cmd/installer/main.go:243.16,245.3 1 0
github.com/howlcipher/ai_knowledge_library/cmd/installer/main.go:247.2,257.51 2 0
github.com/howlcipher/ai_knowledge_library/cmd/installer/main.go:257.51,259.18 2 0
github.com/howlcipher/ai_knowledge_library/cmd/installer/main.go:259.18,261.4 1 0
github.com/howlcipher/ai_knowledge_library/cmd/installer/main.go:262.3,262.21 1 0
github.com/howlcipher/ai_knowledge_library/cmd/installer/main.go:262.21,264.4 1 0
github.com/howlcipher/ai_knowledge_library/cmd/installer/main.go:265.3,265.19 1 0
github.com/howlcipher/ai_knowledge_library/cmd/installer/main.go:265.19,267.4 1 0
github.com/howlcipher/ai_knowledge_library/cmd/installer/main.go:270.2,271.19 2 0
github.com/howlcipher/ai_knowledge_library/cmd/installer/main.go:271.19,273.3 1 0
github.com/howlcipher/ai_knowledge_library/cmd/installer/main.go:273.8,275.3 1 0
github.com/howlcipher/ai_knowledge_library/cmd/installer/main.go:277.2,280.16 3 0
github.com/howlcipher/ai_knowledge_library/cmd/installer/main.go:280.16,283.3 2 0
github.com/howlcipher/ai_knowledge_library/cmd/installer/main.go:285.2,286.70 2 0
github.com/howlcipher/ai_knowledge_library/cmd/installer/main.go:290.32,307.35 3 0
github.com/howlcipher/ai_knowledge_library/cmd/installer/main.go:307.35,309.3 1 0
github.com/howlcipher/ai_knowledge_library/cmd/installer/main.go:311.2,312.18 2 0
github.com/howlcipher/ai_knowledge_library/cmd/installer/main.go:313.14,316.94 3 0
github.com/howlcipher/ai_knowledge_library/cmd/installer/main.go:317.13,320.86 3 0
github.com/howlcipher/ai_knowledge_library/cmd/installer/main.go:321.12,324.78 3 0
github.com/howlcipher/ai_knowledge_library/cmd/installer/main.go:326.2,326.57 1 0
github.com/howlcipher/ai_knowledge_library/cmd/installer/main.go:330.31,352.35 5 0
github.com/howlcipher/ai_knowledge_library/cmd/installer/main.go:352.35,355.3 2 0
github.com/howlcipher/ai_knowledge_library/cmd/installer/main.go:357.2,361.19 4 0
github.com/howlcipher/ai_knowledge_library/cmd/installer/main.go:361.19,364.17 3 0
github.com/howlcipher/ai_knowledge_library/cmd/installer/main.go:364.17,366.4 1 0
github.com/howlcipher/ai_knowledge_library/cmd/installer/main.go:367.3,367.17 1 0
github.com/howlcipher/ai_knowledge_library/cmd/installer/main.go:367.17,369.4 1 0
github.com/howlcipher/ai_knowledge_library/cmd/installer/main.go:369.9,371.4 1 0
github.com/howlcipher/ai_knowledge_library/cmd/installer/main.go:374.2,374.17 1 0
github.com/howlcipher/ai_knowledge_library/cmd/installer/main.go:374.17,377.17 3 0
github.com/howlcipher/ai_knowledge_library/cmd/installer/main.go:377.17,379.4 1 0
github.com/howlcipher/ai_knowledge_library/cmd/installer/main.go:380.3,380.17 1 0
github.com/howlcipher/ai_knowledge_library/cmd/installer/main.go:380.17,382.4 1 0
github.com/howlcipher/ai_knowledge_library/cmd/installer/main.go:385.2,385.18 1 0
github.com/howlcipher/ai_knowledge_library/cmd/installer/main.go:385.18,388.32 3 0
github.com/howlcipher/ai_knowledge_library/cmd/installer/main.go:388.32,390.4 1 0
github.com/howlcipher/ai_knowledge_library/cmd/installer/main.go:390.9,392.4 1 0
github.com/howlcipher/ai_knowledge_library/cmd/installer/main.go:393.3,393.17 1 0
github.com/howlcipher/ai_knowledge_library/cmd/installer/main.go:393.17,395.4 1 0
github.com/howlcipher/ai_knowledge_library/cmd/installer/main.go:395.9,397.4 1 0
github.com/howlcipher/ai_knowledge_library/cmd/installer/main.go:400.2,403.27 3 0
github.com/howlcipher/ai_knowledge_library/cmd/installer/main.go:403.27,406.3 2 0
github.com/howlcipher/ai_knowledge_library/cmd/installer/main.go:409.13,412.29 2 0
github.com/howlcipher/ai_knowledge_library/cmd/installer/main.go:412.29,413.47 1 0
github.com/howlcipher/ai_knowledge_library/cmd/installer/main.go:413.47,416.4 2 0
github.com/howlcipher/ai_knowledge_library/cmd/installer/main.go:419.2,442.36 5 0
github.com/howlcipher/ai_knowledge_library/cmd/installer/main.go:442.36,445.3 2 0
github.com/howlcipher/ai_knowledge_library/cmd/installer/main.go:447.2,447.16 1 0
github.com/howlcipher/ai_knowledge_library/cmd/installer/main.go:448.17,449.22 1 0
github.com/howlcipher/ai_knowledge_library/cmd/installer/main.go:450.19,451.31 1 0
github.com/howlcipher/ai_knowledge_library/cmd/installer/main.go:452.14,453.23 1 0
github.com/howlcipher/ai_knowledge_library/cmd/installer/main.go:454.19,455.24 1 0
github.com/howlcipher/ai_knowledge_library/cmd/installer/main.go:456.14,458.9 2 0
